

*******************************************************************************
Fri Dec 16 11:40:50 2022


FIT:    data read from "Quick_plot3.txt" using 1:3
        format = x:z
        #datapoints = 100
        residuals are weighted equally (unit weight)

function used for fitting: f(x)
	f(x)=a*x*log(x)+b*x+c*log(x)+d*sqrt(x)+f
fitted parameters initialized with current variable values

iter      chisq       delta/lim  lambda   a             b             c             d             f            
   0 2.2816198695e+08   0.00e+00  1.71e+03    1.000000e+00   1.000000e+00   1.000000e+00   1.000000e+00   1.000000e+00
   6 2.1612573096e+01  -3.53e-01  1.71e-03    1.721328e+00  -1.104835e+00   1.115687e+00   6.256503e-01   5.804641e-01

After 6 iterations the fit converged.
final sum of squares of residuals : 21.6126
rel. change during last iteration : -3.53097e-06

degrees of freedom    (FIT_NDF)                        : 95
rms of residuals      (FIT_STDFIT) = sqrt(WSSR/ndf)    : 0.47697
variance of residuals (reduced chisquare) = WSSR/ndf   : 0.227501

Final set of parameters            Asymptotic Standard Error
=======================            ==========================
a               = 1.72133          +/- 0.005024     (0.2919%)
b               = -1.10483         +/- 0.04591      (4.155%)
c               = 1.11569          +/- 0.4921       (44.11%)
d               = 0.62565          +/- 0.4687       (74.92%)
f               = 0.580464         +/- 0.4885       (84.16%)

correlation matrix of the fit parameters:
                a      b      c      d      f      
a               1.000 
b              -0.999  1.000 
c              -0.899  0.910  1.000 
d               0.985 -0.990 -0.956  1.000 
f              -0.560  0.551  0.232 -0.484  1.000 


*******************************************************************************
Fri Dec 16 12:00:20 2022


FIT:    data read from "Quick_plot3.txt" using 1:3
        format = x:z
        x range restricted to [1.00000 : 1000.00]
        #datapoints = 100
        residuals are weighted equally (unit weight)

function used for fitting: f(x)
	f(x)=a*x*log(x)+b*x +c
fitted parameters initialized with current variable values

iter      chisq       delta/lim  lambda   a             b             c            
   0 4.0050017490e+04   0.00e+00  3.77e+03    1.721328e+00  -1.104835e+00   1.115687e+00
   7 5.5214174130e+01  -8.16e-07  3.77e-04    1.705920e+00  -9.765343e-01   5.549292e+00

After 7 iterations the fit converged.
final sum of squares of residuals : 55.2142
rel. change during last iteration : -8.16168e-12

degrees of freedom    (FIT_NDF)                        : 97
rms of residuals      (FIT_STDFIT) = sqrt(WSSR/ndf)    : 0.754466
variance of residuals (reduced chisquare) = WSSR/ndf   : 0.569218

Final set of parameters            Asymptotic Standard Error
=======================            ==========================
a               = 1.70592          +/- 0.0007704    (0.04516%)
b               = -0.976534        +/- 0.005447     (0.5578%)
c               = 5.54929          +/- 0.293        (5.279%)

correlation matrix of the fit parameters:
                a      b      c      
a               1.000 
b              -0.999  1.000 
c               0.859 -0.879  1.000 


*******************************************************************************
Fri Dec 16 12:02:40 2022


FIT:    data read from "Quick_plot3.txt" using 1:3
        format = x:z
        x range restricted to [1.00000 : 1000.00]
        #datapoints = 100
        residuals are weighted equally (unit weight)

function used for fitting: f(x)
	f(x)=a*x*log(x)+c
fitted parameters initialized with current variable values

iter      chisq       delta/lim  lambda   a             c            
   0 3.1406649672e+07   0.00e+00  4.55e+03    1.705920e+00   5.549292e+00
   6 1.8350365060e+04  -4.41e-06  4.55e-03    1.567966e+00  -4.063163e+01

After 6 iterations the fit converged.
final sum of squares of residuals : 18350.4
rel. change during last iteration : -4.41499e-11

degrees of freedom    (FIT_NDF)                        : 98
rms of residuals      (FIT_STDFIT) = sqrt(WSSR/ndf)    : 13.6839
variance of residuals (reduced chisquare) = WSSR/ndf   : 187.249

Final set of parameters            Asymptotic Standard Error
=======================            ==========================
a               = 1.56797          +/- 0.0006705    (0.04276%)
c               = -40.6316         +/- 2.531        (6.23%)

correlation matrix of the fit parameters:
                a      c      
a               1.000 
c              -0.841  1.000 


*******************************************************************************
Fri Dec 16 12:08:05 2022


FIT:    data read from "Quick_plot3.txt" using 1:3
        format = x:z
        x range restricted to [1.00000 : 1000.00]
        #datapoints = 100
        residuals are weighted equally (unit weight)

function used for fitting: f(x)
	f(x)=a*x*log(x)+c
fitted parameters initialized with current variable values

iter      chisq       delta/lim  lambda   a             c            
   0 1.8350365060e+04   0.00e+00  4.19e+03    1.567966e+00  -4.063163e+01
   1 1.8350365060e+04  -1.63e-09  4.19e+02    1.567966e+00  -4.063163e+01

After 1 iterations the fit converged.
final sum of squares of residuals : 18350.4
rel. change during last iteration : -1.62566e-14

degrees of freedom    (FIT_NDF)                        : 98
rms of residuals      (FIT_STDFIT) = sqrt(WSSR/ndf)    : 13.6839
variance of residuals (reduced chisquare) = WSSR/ndf   : 187.249

Final set of parameters            Asymptotic Standard Error
=======================            ==========================
a               = 1.56797          +/- 0.0006705    (0.04276%)
c               = -40.6316         +/- 2.531        (6.23%)

correlation matrix of the fit parameters:
                a      c      
a               1.000 
c              -0.841  1.000 
