100    0.046875    6.117357    7   1
101    0.046411    6.119221    7   1
102    0.030637    6.118339    7   1
103    0.030340    6.132161    7   1
104    0.045072    6.131493    7   1
105    0.044643    6.131783    7   1
106    0.044222    6.132163    7   1
107    0.029206    6.136219    7   1
108    0.043403    6.135795    7   1
109    0.043005    6.138676    7   1
110    0.042614    6.137620    7   1
111    0.042230    6.202632    7   1
112    0.041853    6.203101    7   1
113    0.041482    6.203799    7   1
114    0.041118    6.203089    7   1
115    0.040761    6.205089    7   1
116    0.040409    6.205202    7   1
117    0.053419    6.205928    7   1
118    0.039725    6.204815    7   1
119    0.039391    6.219306    7   1
120    0.039062    6.220847    7   1
121    0.038740    6.221487    7   1
122    0.038422    6.221976    7   1
123    0.050813    6.224387    7   1
124    0.037802    6.225228    7   1
125    0.037500    6.226783    7   1
126    0.037202    6.226190    7   1
127    0.036909    6.440426    7   1
128    0.036621    6.440863    8   1
129    0.036337    6.441990    8   1
130    0.048077    6.441501    8   1
131    0.047710    6.443007    8   1
132    0.035511    6.443723    8   1
133    0.035244    6.444777    8   1
134    0.046642    6.444549    8   1
135    0.046296    6.452194    8   1
136    0.034467    6.451534    8   1
137    0.045620    6.452074    8   1
138    0.045290    6.453747    8   1
139    0.033723    6.455914    8   1
140    0.044643    6.456706    8   1
141    0.044326    6.458218    8   1
142    0.044014    6.458344    8   1
143    0.043706    6.490462    8   1
144    0.043403    6.490523    8   1
145    0.043103    6.491754    8   1
146    0.042808    6.491481    8   1
147    0.042517    6.493522    8   1
148    0.042230    6.493632    8   1
149    0.041946    6.493841    8   1
150    0.031250    6.494948    8   1
151    0.031043    6.504349    8   1
152    0.041118    6.504248    8   1
153    0.040850    6.504905    8   1
154    0.040584    6.504436    8   1
155    0.040323    6.508603    8   1
156    0.040064    6.508695    8   1
157    0.039809    6.510077    8   1
158    0.049446    6.509052    8   1
159    0.049135    6.634847    8   1
160    0.048828    6.634200    8   1
161    0.038820    6.633806    8   1
162    0.038580    6.635209    8   1
163    0.038344    6.636967    8   1
164    0.038110    6.636641    8   1
165    0.037879    6.636336    8   1
166    0.037651    6.638427    8   1
167    0.046781    6.642131    8   1
168    0.046503    6.641785    8   1
169    0.036982    6.642032    8   1
170    0.045956    6.642246    8   1
171    0.036550    6.645646    8   1
172    0.036337    6.643712    8   1
173    0.045159    6.645006    8   1
174    0.044899    6.646355    8   1
175    0.044643    6.677515    8   1
176    0.044389    6.676555    8   1
177    0.044138    6.676553    8   1
178    0.035112    6.676855    8   1
179    0.043645    6.678359    8   1
180    0.034722    6.677989    8   1
181    0.043163    6.677962    8   1
182    0.042926    6.678255    8   1
183    0.042691    6.685923    8   1
184    0.042459    6.686741    8   1
185    0.033784    6.686088    8   1
186    0.033602    6.687095    8   1
187    0.041778    6.689129    8   1
188    0.041556    6.688359    8   1
189    0.041336    6.690401    8   1
190    0.041118    6.688556    8   1
191    0.040903    7.112012    8   1
192    0.048828    7.112996    8   1
193    0.040479    7.111974    8   1
194    0.048325    7.112670    8   1
195    0.048077    7.114397    8   1
196    0.047832    7.112794    8   1
197    0.047589    7.111617    8   1
198    0.047348    7.113872    8   1
199    0.039259    7.115275    8   1
200    0.039062    7.116058    8   1
201    0.046642    7.117582    8   1
202    0.038676    7.117302    8   1
203    0.046182    7.117409    8   1
204    0.045956    7.117695    8   1
205    0.045732    7.117829    8   1
206    0.037925    7.118298    8   1
207    0.045290    7.129908    8   1
208    0.045072    7.129914    8   1
209    0.044856    7.129110    8   1
210    0.052083    7.130122    8   1
211    0.044431    7.130909    8   1
212    0.044222    7.130926    8   1
213    0.044014    7.131501    8   1
214    0.051110    7.130075    8   1
215    0.043605    7.134648    8   1
216    0.043403    7.134901    8   1
217    0.050403    7.134815    8   1
218    0.043005    7.133939    8   1
219    0.042808    7.135047    8   1
220    0.049716    7.137594    8   1
221    0.042421    7.135838    8   1
222    0.049268    7.136319    8   1
223    0.049047    7.202501    8   1
224    0.048828    7.200856    8   1
225    0.048611    7.201590    8   1
226    0.041482    7.202538    8   1
227    0.048183    7.203745    8   1
228    0.041118    7.201010    8   1
229    0.040939    7.202704    8   1
230    0.040761    7.202058    8   1
231    0.047348    7.205366    8   1
232    0.047144    7.203979    8   1
233    0.040236    7.204197    8   1
234    0.046741    7.205736    8   1
235    0.046543    7.206007    8   1
236    0.046345    7.204995    8   1
237    0.046150    7.205970    8   1
238    0.045956    7.204769    8   1
239    0.045764    7.221326    8   1
240    0.039062    7.220851    8   1
241    0.038900    7.221115    8   1
242    0.045196    7.220883    8   1
243    0.045010    7.221482    8   1
244    0.044826    7.220463    8   1
245    0.044643    7.221387    8   1
246    0.050813    7.221070    8   1
247    0.044281    7.225327    8   1
248    0.050403    7.224015    8   1
249    0.043926    7.225118    8   1
250    0.050000    7.225317    8   1
251    0.043576    7.226319    8   1
252    0.049603    7.226146    8   1
253    0.049407    7.226569    8   1
254    0.043061    7.226035    8   1
255    0.049020    7.436220    8   1
256    0.048828    7.437089    9   1
257    0.048638    7.436416    9   1
258    0.048450    7.437210    9   1
259    0.048263    7.437100    9   1
260    0.048077    7.436795    9   1
261    0.047893    7.437931    9   1
262    0.047710    7.437939    9   1
263    0.041587    7.440021    9   1
264    0.041430    7.440193    9   1
265    0.047170    7.439332    9   1
266    0.046992    7.439485    9   1
267    0.046816    7.441572    9   1
268    0.046642    7.441241    9   1
269    0.046468    7.440880    9   1
270    0.052083    7.440534    9   1
271    0.040360    7.449063    9   1
272    0.045956    7.449668    9   1
273    0.040064    7.450118    9   1
274    0.045620    7.449431    9   1
275    0.045455    7.450052    9   1
276    0.045290    7.450707    9   1
277    0.045126    7.450441    9   1
278    0.044964    7.449404    9   1
279    0.044803    7.454033    9   1
280    0.039062    7.453665    9   1
281    0.044484    7.452974    9   1
282    0.044326    7.453135    9   1
283    0.044170    7.454292    9   1
284    0.044014    7.454832    9   1
285    0.043860    7.455448    9   1
286    0.043706    7.454544    9   1
287    0.048998    7.488181    9   1
288    0.043403    7.488151    9   1
289    0.048659    7.488930    9   1
290    0.043103    7.488264    9   1
291    0.042955    7.487565    9   1
292    0.042808    7.488592    9   1
293    0.047995    7.489132    9   1
294    0.047832    7.489338    9   1
295    0.047669    7.490544    9   1
296    0.042230    7.489839    9   1
297    0.047348    7.490616    9   1
298    0.047190    7.490162    9   1
299    0.047032    7.491162    9   1
300    0.041667    7.491635    9   1
301    0.046719    7.491961    9   1
302    0.046565    7.492485    9   1
303    0.046411    7.502323    9   1
304    0.046258    7.501667    9   1
305    0.051230    7.502211    9   1
306    0.045956    7.502272    9   1
307    0.045806    7.503686    9   1
308    0.045657    7.502893    9   1
309    0.045510    7.503042    9   1
310    0.045363    7.503807    9   1
311    0.045217    7.506371    9   1
312    0.045072    7.506069    9   1
313    0.044928    7.505587    9   1
314    0.039809    7.506897    9   1
315    0.039683    7.507571    9   1
316    0.044502    7.506482    9   1
317    0.039432    7.507554    9   1
318    0.039308    7.507400    9   1
319    0.044083    7.633276    9   1
320    0.043945    7.633449    9   1
321    0.043808    7.632525    9   1
322    0.043672    7.632518    9   1
323    0.048375    7.633476    9   1
324    0.048225    7.633046    9   1
325    0.048077    7.632919    9   1
326    0.047929    7.632888    9   1
327    0.047783    7.633828    9   1
328    0.047637    7.634034    9   1
329    0.047492    7.634350    9   1
330    0.047348    7.633672    9   1
331    0.047205    7.635275    9   1
332    0.051770    7.635568    9   1
333    0.046922    7.635439    9   1
334    0.046781    7.634283    9   1
335    0.041978    7.641399    9   1
336    0.041853    7.640377    9   1
337    0.046365    7.640622    9   1
338    0.041605    7.640612    9   1
339    0.046091    7.641356    9   1
340    0.055147    7.640986    9   1
341    0.045821    7.640734    9   1
342    0.050256    7.641271    9   1
343    0.045554    7.642702    9   1
344    0.049964    7.643445    9   1
345    0.045290    7.642849    9   1
346    0.049675    7.643107    9   1
347    0.049532    7.643985    9   1
348    0.049389    7.643836    9   1
349    0.049248    7.644675    9   1
350    0.049107    7.644322    9   1
351    0.048967    7.674366    9   1
352    0.048828    7.675382    9   1
353    0.044263    7.675198    9   1
354    0.044138    7.675414    9   1
355    0.039613    7.675225    9   1
356    0.043890    7.675309    9   1
357    0.043768    7.674954    9   1
358    0.048010    7.675452    9   1
359    0.043524    7.676921    9   1
360    0.047743    7.676992    9   1
361    0.051939    7.676186    9   1
362    0.047479    7.676203    9   1
363    0.051653    7.677098    9   1
364    0.047218    7.677186    9   1
365    0.042808    7.677504    9   1
366    0.051230    7.677004    9   1
367    0.051090    7.685514    9   1
368    0.046705    7.685148    9   1
369    0.050813    7.685175    9   1
370    0.050676    7.685409    9   1
371    0.046327    7.686337    9   1
372    0.050403    7.685544    9   1
373    0.050268    7.685275    9   1
374    0.050134    7.685861    9   1
375    0.050000    7.687529    9   1
376    0.045711    7.688149    9   1
377    0.045590    7.687442    9   1
378    0.045470    7.687665    9   1
379    0.045350    7.688118    9   1
380    0.045230    7.688380    9   1
381    0.049213    7.688538    9   1
382    0.049084    7.689166    9   1
383    0.048956    8.111295    9   1
384    0.052897    8.111319    9   1
385    0.044643    8.110645    9   1
386    0.048575    8.110774    9   1
387    0.052487    8.111109    9   1
388    0.048325    8.111137    9   1
389    0.048201    8.111691    9   1
390    0.052083    8.112079    9   1
391    0.051950    8.112185    9   1
392    0.047832    8.112192    9   1
393    0.047710    8.110870    9   1
394    0.047589    8.111384    9   1
395    0.051424    8.112676    9   1
396    0.047348    8.112383    9   1
397    0.051165    8.112573    9   1
398    0.051036    8.112743    9   1
399    0.050909    8.115627    9   1
400    0.050781    8.114965    9   1
401    0.050655    8.115262    9   1
402    0.050529    8.115945    9   1
403    0.050403    8.115669    9   1
404    0.050278    8.114626    9   1
405    0.050154    8.116738    9   1
406    0.050031    8.115484    9   1
407    0.046069    8.116259    9   1
408    0.049786    8.116273    9   1
409    0.045844    8.117252    9   1
410    0.049543    8.116465    9   1
411    0.049422    8.117327    9   1
412    0.049302    8.116985    9   1
413    0.049183    8.116837    9   1
414    0.049064    8.117068    9   1
415    0.048946    8.128688    9   1
416    0.048828    8.128831    9   1
417    0.048711    8.129373    9   1
418    0.052333    8.129046    9   1
419    0.048479    8.130048    9   1
420    0.052083    8.129831    9   1
421    0.048248    8.129399    9   1
422    0.051836    8.129578    9   1
423    0.048020    8.130030    9   1
424    0.051592    8.130698    9   1
425    0.051471    8.131134    9   1
426    0.047682    8.130056    9   1
427    0.051230    8.130055    9   1
428    0.051110    8.130494    9   1
429    0.047348    8.130095    9   1
430    0.050872    8.130445    9   1
431    0.050754    8.134521    9   1
432    0.047020    8.134959    9   1
433    0.046911    8.134517    9   1
434    0.050403    8.134711    9   1
435    0.050287    8.134764    9   1
436    0.050172    8.135664    9   1
437    0.050057    8.135024    9   1
438    0.046376    8.134583    9   1
439    0.049829    8.136183    9   1
440    0.049716    8.136800    9   1
441    0.049603    8.136661    9   1
442    0.049491    8.135435    9   1
443    0.049379    8.136859    9   1
444    0.052787    8.136630    9   1
445    0.056180    8.136505    9   1
446    0.049047    8.137230    9   1
447    0.052433    8.201176    9   1
448    0.052316    8.201150    9   1
449    0.048719    8.201504    9   1
450    0.052083    8.201741    9   1
451    0.051968    8.202606    9   1
452    0.048396    8.201091    9   1
453    0.048289    8.201337    9   1
454    0.051624    8.201746    9   1
455    0.051511    8.201378    9   1
456    0.047971    8.202485    9   1
457    0.047867    8.202426    9   1
458    0.047762    8.201444    9   1
459    0.047658    8.201705    9   1
460    0.050951    8.202307    9   1
461    0.050841    8.202035    9   1
462    0.050731    8.202146    9   1
463    0.050621    8.204902    9   1
464    0.050512    8.203941    9   1
465    0.050403    8.204703    9   1
466    0.050295    8.203780    9   1
467    0.050187    8.204344    9   1
468    0.050080    8.204575    9   1
469    0.049973    8.203685    9   1
470    0.053191    8.204277    9   1
471    0.049761    8.205382    9   1
472    0.052966    8.205424    9   1
473    0.049551    8.205531    9   1
474    0.046150    8.205842    9   1
475    0.049342    8.205907    9   1
476    0.045956    8.205468    9   1
477    0.049135    8.205361    9   1
478    0.049032    8.205957    9   1
479    0.048930    8.219748    9   1
480    0.052083    8.220549    9   1
481    0.051975    8.219869    9   1
482    0.048626    8.220368    9   1
483    0.048525    8.219814    9   1
484    0.045196    8.220088    9   1
485    0.048325    8.220829    9   1
486    0.048225    8.220629    9   1
487    0.048126    8.220957    9   1
488    0.051230    8.220317    9   1
489    0.051125    8.220915    9   1
490    0.051020    8.220435    9   1
491    0.050916    8.220941    9   1
492    0.050813    8.221293    9   1
493    0.050710    8.221874    9   1
494    0.050607    8.221047    9   1
495    0.047348    8.224500    9   1
496    0.047253    8.224587    9   1
497    0.047158    8.224539    9   1
498    0.050201    8.224846    9   1
499    0.053231    8.225260    9   1
500    0.050000    8.224480    9   1
501    0.049900    8.224853    9   1
502    0.049801    8.224554    9   1
503    0.049702    8.225732    9   1
504    0.046503    8.226065    9   1
505    0.052599    8.226022    9   1
506    0.049407    8.225690    9   1
507    0.049310    8.226748    9   1
508    0.052288    8.225244    9   1
509    0.052186    8.225903    9   1
510    0.052083    8.226106    9   1
511    0.048924    8.434395    9   1
512    0.048828    8.434713    10   1
513    0.048733    8.434534    10   1
514    0.048638    8.434461    10   1
515    0.051578    8.434570    10   1
516    0.051478    8.435082    10   1
517    0.051378    8.434589    10   1
518    0.051279    8.435296    10   1
519    0.051180    8.435530    10   1
520    0.054087    8.435008    10   1
521    0.050984    8.434829    10   1
522    0.050886    8.436281    10   1
523    0.050789    8.435580    10   1
524    0.050692    8.435632    10   1
525    0.047619    8.437116    10   1
526    0.050499    8.435807    10   1
527    0.050403    8.437605    10   1
528    0.050308    8.437751    10   1
529    0.050213    8.437642    10   1
530    0.050118    8.437418    10   1
531    0.050024    8.437929    10   1
532    0.049930    8.437577    10   1
533    0.052767    8.438026    10   1
534    0.049743    8.438022    10   1
535    0.049650    8.438610    10   1
536    0.049557    8.438741    10   1
537    0.052374    8.438792    10   1
538    0.052277    8.439515    10   1
539    0.049281    8.439172    10   1
540    0.052083    8.439419    10   1
541    0.051987    8.438919    10   1
542    0.051891    8.438945    10   1
543    0.051796    8.447456    10   1
544    0.048828    8.448349    10   1
545    0.048739    8.448168    10   1
546    0.051511    8.447466    10   1
547    0.051417    8.447729    10   1
548    0.051323    8.447351    10   1
549    0.051230    8.447515    10   1
550    0.051136    8.447832    10   1
551    0.051044    8.449005    10   1
552    0.050951    8.448653    10   1
553    0.050859    8.448067    10   1
554    0.050767    8.447817    10   1
555    0.050676    8.448097    10   1
556    0.050585    8.448077    10   1
557    0.050494    8.448398    10   1
558    0.050403    8.448554    10   1
559    0.050313    8.451394    10   1
560    0.050223    8.452072    10   1
561    0.052919    8.452010    10   1
562    0.052825    8.451498    10   1
563    0.049956    8.452388    10   1
564    0.049867    8.452104    10   1
565    0.052544    8.451908    10   1
566    0.052451    8.451090    10   1
567    0.049603    8.453111    10   1
568    0.052267    8.452539    10   1
569    0.049429    8.453250    10   1
570    0.052083    8.452752    10   1
571    0.051992    8.453494    10   1
572    0.049170    8.453101    10   1
573    0.051811    8.453296    10   1
574    0.048998    8.453435    10   1
575    0.051630    8.486617    10   1
576    0.051541    8.487400    10   1
577    0.051451    8.485933    10   1
578    0.051362    8.486599    10   1
579    0.048575    8.486016    10   1
580    0.053879    8.486661    10   1
581    0.053787    8.487158    10   1
582    0.053694    8.486892    10   1
583    0.053602    8.487077    10   1
584    0.048159    8.486859    10   1
585    0.050748    8.487009    10   1
586    0.050661    8.487611    10   1
587    0.050575    8.487859    10   1
588    0.053146    8.487918    10   1
589    0.050403    8.487826    10   1
590    0.052966    8.487710    10   1
591    0.052876    8.489932    10   1
592    0.052787    8.489095    10   1
593    0.052698    8.489056    10   1
594    0.052609    8.489757    10   1
595    0.052521    8.489495    10   1
596    0.052433    8.489920    10   1
597    0.049728    8.489425    10   1
598    0.052258    8.488983    10   1
599    0.052170    8.490080    10   1
600    0.049479    8.490266    10   1
601    0.051997    8.490453    10   1
602    0.051910    8.490417    10   1
603    0.051824    8.490596    10   1
604    0.051738    8.489843    10   1
605    0.051653    8.490489    10   1
606    0.051568    8.490772    10   1
607    0.051483    8.501623    10   1
608    0.048828    8.500982    10   1
609    0.051314    8.501163    10   1
610    0.048668    8.500959    10   1
611    0.051146    8.501904    10   1
612    0.051062    8.501609    10   1
613    0.053528    8.501276    10   1
614    0.050896    8.501258    10   1
615    0.050813    8.501703    10   1
616    0.053267    8.501804    10   1
617    0.050648    8.501707    10   1
618    0.053095    8.502088    10   1
619    0.050485    8.502036    10   1
620    0.052923    8.501800    10   1
621    0.052838    8.502115    10   1
622    0.052753    8.502096    10   1
623    0.050161    8.505616    10   1
624    0.052584    8.505060    10   1
625    0.050000    8.505603    10   1
626    0.052416    8.505519    10   1
627    0.052333    8.505577    10   1
628    0.047273    8.505516    10   1
629    0.052166    8.505062    10   1
630    0.052083    8.505520    10   1
631    0.052001    8.506550    10   1
632    0.051919    8.506037    10   1
633    0.049368    8.506455    10   1
634    0.051755    8.505951    10   1
635    0.051673    8.507034    10   1
636    0.051592    8.506966    10   1
637    0.051511    8.506029    10   1
638    0.048981    8.506556    10   1
639    0.053795    8.632078    10   1
640    0.053711    8.632003    10   1
641    0.053627    8.631792    10   1
642    0.053544    8.631503    10   1
643    0.053460    8.631203    10   1
644    0.053377    8.631619    10   1
645    0.053295    8.631833    10   1
646    0.053212    8.631644    10   1
647    0.053130    8.631695    10   1
648    0.053048    8.632981    10   1
649    0.050559    8.632150    10   1
650    0.050481    8.632250    10   1
651    0.050403    8.631989    10   1
652    0.052722    8.632052    10   1
653    0.052642    8.631783    10   1
654    0.054950    8.631626    10   1
655    0.052481    8.632562    10   1
656    0.052401    8.633508    10   1
657    0.054699    8.633985    10   1
658    0.052242    8.633079    10   1
659    0.054533    8.633516    10   1
660    0.052083    8.633683    10   1
661    0.052005    8.634115    10   1
662    0.051926    8.633804    10   1
663    0.054204    8.634014    10   1
664    0.051770    8.633480    10   1
665    0.051692    8.633938    10   1
666    0.053960    8.633916    10   1
667    0.053879    8.633892    10   1
668    0.051460    8.633252    10   1
669    0.053718    8.634041    10   1
670    0.051306    8.634326    10   1
671    0.053558    8.640442    10   1
672    0.053478    8.639450    10   1
673    0.053399    8.640229    10   1
674    0.053320    8.639581    10   1
675    0.053241    8.639529    10   1
676    0.050851    8.639704    10   1
677    0.050775    8.639691    10   1
678    0.050701    8.640055    10   1
679    0.052927    8.640317    10   1
680    0.052849    8.641030    10   1
681    0.052772    8.640565    10   1
682    0.052694    8.639817    10   1
683    0.052617    8.640386    10   1
684    0.052540    8.641068    10   1
685    0.054745    8.640384    10   1
686    0.052387    8.640322    10   1
687    0.054585    8.642287    10   1
688    0.052235    8.642859    10   1
689    0.052159    8.642227    10   1
690    0.054348    8.642233    10   1
691    0.054269    8.642732    10   1
692    0.051933    8.642282    10   1
693    0.051858    8.642151    10   1
694    0.054035    8.642577    10   1
695    0.053957    8.643424    10   1
696    0.053879    8.642929    10   1
697    0.053802    8.642753    10   1
698    0.053725    8.642654    10   1
699    0.053648    8.643662    10   1
700    0.053571    8.643287    10   1
701    0.051266    8.643377    10   1
702    0.051193    8.642983    10   1
703    0.053343    8.673688    10   1
704    0.053267    8.674509    10   1
705    0.053191    8.674185    10   1
706    0.053116    8.674672    10   1
707    0.053041    8.674253    10   1
708    0.052966    8.673939    10   1
709    0.055095    8.674230    10   1
710    0.052817    8.674122    10   1
711    0.052743    8.674407    10   1
712    0.052669    8.674612    10   1
713    0.052595    8.674698    10   1
714    0.054709    8.674381    10   1
715    0.052448    8.674455    10   1
716    0.052374    8.674886    10   1
717    0.052301    8.675214    10   1
718    0.054405    8.674604    10   1
719    0.054329    8.675558    10   1
720    0.054253    8.675919    10   1
721    0.052011    8.676030    10   1
722    0.051939    8.675716    10   1
723    0.051867    8.676077    10   1
724    0.051796    8.675727    10   1
725    0.053879    8.676039    10   1
726    0.053805    8.675557    10   1
727    0.053731    8.676479    10   1
728    0.053657    8.676250    10   1
729    0.053584    8.676813    10   1
730    0.053510    8.676582    10   1
731    0.053437    8.676923    10   1
732    0.053364    8.676853    10   1
733    0.053291    8.676397    10   1
734    0.053219    8.676218    10   1
735    0.053146    8.684740    10   1
736    0.053074    8.684656    10   1
737    0.053002    8.684895    10   1
738    0.052930    8.684647    10   1
739    0.054973    8.685243    10   1
740    0.052787    8.684757    10   1
741    0.052716    8.684467    10   1
742    0.052645    8.685217    10   1
743    0.052574    8.684973    10   1
744    0.052503    8.684974    10   1
745    0.052433    8.685264    10   1
746    0.052363    8.684812    10   1
747    0.052293    8.685131    10   1
748    0.052223    8.685185    10   1
749    0.052153    8.685509    10   1
750    0.052083    8.684955    10   1
751    0.054095    8.687513    10   1
752    0.054023    8.686946    10   1
753    0.051876    8.687039    10   1
754    0.053879    8.687737    10   1
755    0.051738    8.687307    10   1
756    0.053737    8.687709    10   1
757    0.053666    8.687170    10   1
758    0.053595    8.687823    10   1
759    0.053524    8.688708    10   1
760    0.053454    8.687862    10   1
761    0.053384    8.688285    10   1
762    0.053314    8.688469    10   1
763    0.053244    8.687947    10   1
764    0.053174    8.688437    10   1
765    0.051062    8.688347    10   1
766    0.050995    8.688278    10   1
767    0.055003    9.110187    10   1
768    0.052897    9.111193    10   1
769    0.052828    9.110743    10   1
770    0.054789    9.110563    10   1
771    0.054718    9.110593    10   1
772    0.052623    9.110750    10   1
773    0.054576    9.110882    10   1
774    0.054506    9.110762    10   1
775    0.054435    9.110194    10   1
776    0.054365    9.111318    10   1
777    0.054295    9.111381    10   1
778    0.054226    9.110767    10   1
779    0.056162    9.111293    10   1
780    0.054087    9.110882    10   1
781    0.054017    9.111237    10   1
782    0.051950    9.111231    10   1
783    0.055875    9.110963    10   1
784    0.055804    9.111524    10   1
785    0.053742    9.111679    10   1
786    0.055662    9.111601    10   1
787    0.053605    9.111305    10   1
788    0.053537    9.111736    10   1
789    0.053470    9.111488    10   1
790    0.053402    9.111755    10   1
791    0.053334    9.112358    10   1
792    0.055240    9.111727    10   1
793    0.053200    9.112430    10   1
794    0.055101    9.112118    10   1
795    0.055031    9.112350    10   1
796    0.052999    9.112296    10   1
797    0.054893    9.112635    10   1
798    0.054825    9.112363    10   1
799    0.052800    9.114626    10   1
800    0.054688    9.114871    10   1
801    0.052669    9.114743    10   1
802    0.054551    9.114659    10   1
803    0.054483    9.115264    10   1
804    0.054415    9.115490    10   1
805    0.054348    9.114933    10   1
806    0.056219    9.114685    10   1
807    0.056149    9.114991    10   1
808    0.054146    9.114668    10   1
809    0.054079    9.115386    10   1
810    0.055941    9.115606    10   1
811    0.053946    9.115720    10   1
812    0.055804    9.115028    10   1
813    0.055735    9.115618    10   1
814    0.053747    9.114907    10   1
815    0.055598    9.116109    10   1
816    0.053615    9.116553    10   1
817    0.055462    9.116112    10   1
818    0.053484    9.116384    10   1
819    0.053419    9.116666    10   1
820    0.055259    9.116304    10   1
821    0.055192    9.116451    10   1
822    0.055125    9.116394    10   1
823    0.055058    9.116861    10   1
824    0.053095    9.116383    10   1
825    0.053030    9.116410    10   1
826    0.054858    9.117007    10   1
827    0.052902    9.116899    10   1
828    0.054725    9.116976    10   1
829    0.054659    9.117201    10   1
830    0.054593    9.117285    10   1
831    0.054528    9.128594    10   1
832    0.054462    9.129153    10   1
833    0.054397    9.129500    10   1
834    0.054332    9.128873    10   1
835    0.054266    9.129044    10   1
836    0.054202    9.129419    10   1
837    0.056004    9.129500    10   1
838    0.055937    9.129584    10   1
839    0.054008    9.129016    10   1
840    0.055804    9.128978    10   1
841    0.055737    9.129408    10   1
842    0.055671    9.129211    10   1
843    0.055605    9.129949    10   1
844    0.055539    9.129126    10   1
845    0.055473    9.129670    10   1
846    0.055408    9.129898    10   1
847    0.055342    9.130056    10   1
848    0.053435    9.130621    10   1
849    0.055212    9.130082    10   1
850    0.055147    9.129928    10   1
851    0.053246    9.130561    10   1
852    0.055018    9.129785    10   1
853    0.053121    9.130403    10   1
854    0.054889    9.130907    10   1
855    0.054825    9.129758    10   1
856    0.054761    9.130329    10   1
857    0.056520    9.130794    10   1
858    0.054633    9.130418    10   1
859    0.056388    9.130404    10   1
860    0.054506    9.130122    10   1
861    0.056257    9.130319    10   1
862    0.056192    9.130073    10   1
863    0.054316    9.134297    10   1
864    0.054253    9.134418    10   1
865    0.055997    9.134554    10   1
866    0.054128    9.135025    10   1
867    0.054066    9.134563    10   1
868    0.054003    9.134794    10   1
869    0.053941    9.134860    10   1
870    0.055675    9.134690    10   1
871    0.053817    9.134684    10   1
872    0.055548    9.134668    10   1
873    0.053694    9.134649    10   1
874    0.053633    9.134699    10   1
875    0.053571    9.135045    10   1
876    0.053510    9.135001    10   1
877    0.053449    9.134777    10   1
878    0.055168    9.135208    10   1
879    0.055105    9.136146    10   1
880    0.055043    9.135794    10   1
881    0.054980    9.136260    10   1
882    0.054918    9.136101    10   1
883    0.054856    9.135783    10   1
884    0.054794    9.136332    10   1
885    0.054732    9.136514    10   1
886    0.054670    9.135647    10   1
887    0.054608    9.136133    10   1
888    0.054547    9.136159    10   1
889    0.054485    9.136213    10   1
890    0.054424    9.135940    10   1
891    0.054363    9.136274    10   1
892    0.054302    9.136045    10   1
893    0.052492    9.136046    10   1
894    0.054181    9.136260    10   1
895    0.055866    9.200740    10   1
896    0.054060    9.201201    10   1
897    0.053999    9.200472    10   1
898    0.053939    9.201660    10   1
899    0.053879    9.200762    10   1
900    0.053819    9.200772    10   1
901    0.055494    9.201457    10   1
902    0.055432    9.200966    10   1
903    0.055371    9.201804    10   1
904    0.055310    9.201444    10   1
905    0.051796    9.201340    10   1
906    0.055188    9.200868    10   1
907    0.053404    9.201010    10   1
908    0.055066    9.200629    10   1
909    0.055006    9.201080    10   1
910    0.054945    9.201265    10   1
911    0.054885    9.201113    10   1
912    0.054825    9.201304    10   1
913    0.053053    9.201804    10   1
914    0.054705    9.201867    10   1
915    0.054645    9.201814    10   1
916    0.054585    9.202106    10   1
917    0.054526    9.201959    10   1
918    0.054466    9.201986    10   1
919    0.054407    9.202583    10   1
920    0.054348    9.201974    10   1
921    0.054289    9.201775    10   1
922    0.055925    9.201773    10   1
923    0.054171    9.202146    10   1
924    0.055804    9.201945    10   1
925    0.055743    9.202266    10   1
926    0.055683    9.202158    10   1
927    0.055623    9.204357    10   1
928    0.055563    9.203857    10   1
929    0.055503    9.204400    10   1
930    0.055444    9.204363    10   1
931    0.055384    9.203951    10   1
932    0.055325    9.204112    10   1
933    0.055265    9.203862    10   1
934    0.055206    9.204424    10   1
935    0.055147    9.204226    10   1
936    0.055088    9.204337    10   1
937    0.055029    9.203987    10   1
938    0.054971    9.204410    10   1
939    0.054912    9.203872    10   1
940    0.054854    9.204446    10   1
941    0.054795    9.204445    10   1
942    0.054737    9.204206    10   1
943    0.053022    9.205244    10   1
944    0.054621    9.204810    10   1
945    0.054563    9.204917    10   1
946    0.054506    9.205508    10   1
947    0.056098    9.205691    10   1
948    0.056039    9.205271    10   1
949    0.054334    9.205344    10   1
950    0.054276    9.204854    10   1
951    0.055862    9.205970    10   1
952    0.055804    9.205261    10   1
953    0.054105    9.205684    10   1
954    0.055687    9.205336    10   1
955    0.053992    9.205825    10   1
956    0.055570    9.205703    10   1
957    0.053879    9.205111    10   1
958    0.055454    9.205823    10   1
959    0.053767    9.219853    10   1
960    0.053711    9.219899    10   1
961    0.053655    9.220204    10   1
962    0.053599    9.220338    10   1
963    0.053544    9.220033    10   1
964    0.053488    9.220281    10   1
965    0.051813    9.219867    10   1
966    0.054995    9.220400    10   1
967    0.054938    9.220133    10   1
968    0.054881    9.220568    10   1
969    0.053212    9.219704    10   1
970    0.053157    9.220052    10   1
971    0.054712    9.220290    10   1
972    0.054655    9.220089    10   1
973    0.054599    9.219840    10   1
974    0.054543    9.220251    10   1
975    0.056090    9.220485    10   1
976    0.054431    9.220857    10   1
977    0.054376    9.220543    10   1
978    0.052722    9.221221    10   1
979    0.055861    9.220600    10   1
980    0.054209    9.220637    10   1
981    0.054154    9.220638    10   1
982    0.052508    9.220884    10   1
983    0.054044    9.221060    10   1
984    0.055577    9.220792    10   1
985    0.055520    9.220631    10   1
986    0.053879    9.221292    10   1
987    0.055408    9.220807    10   1
988    0.053770    9.221591    10   1
989    0.055296    9.220889    10   1
990    0.055240    9.221138    10   1
991    0.053607    9.224639    10   1
992    0.053553    9.224605    10   1
993    0.053499    9.224386    10   1
994    0.055018    9.225195    10   1
995    0.054962    9.224467    10   1
996    0.053338    9.225165    10   1
997    0.054852    9.225193    10   1
998    0.056363    9.224459    10   1
999    0.053178    9.224524    10   1
1000    0.053125    9.225147    10   1
