0    0.000000    0.000000    0   0
1    0.000000    1.000000    1   1
2    0.000000    1.500000    2   1
3    0.000000    2.000000    3   1
4    0.000000    2.500000    4   1
5    0.000000    3.000000    5   1
6    0.000000    3.500000    6   1
7    0.000000    4.000000    7   1
8    0.000000    4.500000    8   1
9    0.000000    5.000000    9   1
10    0.000000    5.500000    10   1
11    0.000000    6.000000    11   1
12    0.000000    6.500000    12   1
13    0.000000    7.000000    13   1
14    0.000000    7.500000    14   1
15    0.000000    8.000000    15   1
16    0.000000    8.500000    16   1
17    0.000000    9.000000    17   1
18    0.000000    9.500000    18   1
19    0.000000    10.000000    19   1
20    0.000000    10.500000    20   1
21    0.000000    11.000000    21   1
22    0.000000    11.500000    22   1
23    0.000000    12.000000    23   1
24    0.000000    12.500000    24   1
25    0.000000    13.000000    25   1
26    0.000000    13.500000    26   1
27    0.000000    14.000000    27   1
28    0.000000    14.500000    28   1
29    0.000000    15.000000    29   1
30    0.000000    15.500000    30   1
31    0.000000    16.000000    31   1
32    0.000000    16.500000    32   1
33    0.000000    17.000000    33   1
34    0.000000    17.500000    34   1
35    0.000000    18.000000    35   1
36    0.000000    18.500000    36   1
37    0.000000    19.000000    37   1
38    0.000000    19.500000    38   1
39    0.000000    20.000000    39   1
40    0.000000    20.500000    40   1
41    0.000000    21.000000    41   1
42    0.000000    21.500000    42   1
43    156.250000    22.000000    43   1
44    0.000000    22.500000    44   1
45    0.000000    23.000000    45   1
46    0.000000    23.500000    46   1
47    0.000000    24.000000    47   1
48    0.000000    24.500000    48   1
49    0.000000    25.000000    49   1
50    0.000000    25.500000    50   1
51    0.000000    26.000000    51   1
52    0.000000    26.500000    52   1
53    0.000000    27.000000    53   1
54    0.000000    27.500000    54   1
55    0.000000    28.000000    55   1
56    0.000000    28.500000    56   1
57    0.000000    29.000000    57   1
58    0.000000    29.500000    58   1
59    0.000000    30.000000    59   1
60    0.000000    30.500000    60   1
61    156.250000    31.000000    61   1
62    0.000000    31.500000    62   1
63    0.000000    32.000000    63   1
64    0.000000    32.500000    64   1
65    0.000000    33.000000    65   1
66    0.000000    33.500000    66   1
67    0.000000    34.000000    67   1
68    0.000000    34.500000    68   1
69    0.000000    35.000000    69   1
70    0.000000    35.500000    70   1
71    0.000000    36.000000    71   1
72    0.000000    36.500000    72   1
73    0.000000    37.000000    73   1
74    0.000000    37.500000    74   1
75    0.000000    38.000000    75   1
76    0.000000    38.500000    76   1
77    156.250000    39.000000    77   1
78    0.000000    39.500000    78   1
79    0.000000    40.000000    79   1
80    0.000000    40.500000    80   1
81    0.000000    41.000000    81   1
82    0.000000    41.500000    82   1
83    0.000000    42.000000    83   1
84    0.000000    42.500000    84   1
85    156.250000    43.000000    85   1
86    0.000000    43.500000    86   1
87    0.000000    44.000000    87   1
88    0.000000    44.500000    88   1
89    0.000000    45.000000    89   1
90    0.000000    45.500000    90   1
91    0.000000    46.000000    91   1
92    156.250000    46.500000    92   1
93    0.000000    47.000000    93   1
94    0.000000    47.500000    94   1
95    0.000000    48.000000    95   1
96    0.000000    48.500000    96   1
97    0.000000    49.000000    97   1
98    156.250000    49.500000    98   1
99    0.000000    50.000000    99   1
100    0.000000    50.500000    100   1
101    0.000000    51.000000    101   1
102    0.000000    51.500000    102   1
103    156.250000    52.000000    103   1
104    0.000000    52.500000    104   1
105    0.000000    53.000000    105   1
106    0.000000    53.500000    106   1
107    0.000000    54.000000    107   1
108    156.250000    54.500000    108   1
109    0.000000    55.000000    109   1
110    156.250000    55.500000    110   1
111    0.000000    56.000000    111   1
112    0.000000    56.500000    112   1
113    0.000000    57.000000    113   1
114    156.250000    57.500000    114   1
115    0.000000    58.000000    115   1
116    0.000000    58.500000    116   1
117    0.000000    59.000000    117   1
118    0.000000    59.500000    118   1
119    156.250000    60.000000    119   1
120    0.000000    60.500000    120   1
121    0.000000    61.000000    121   1
122    156.250000    61.500000    122   1
123    0.000000    62.000000    123   1
124    0.000000    62.500000    124   1
125    0.000000    63.000000    125   1
126    156.250000    63.500000    126   1
127    0.000000    64.000000    127   1
128    0.000000    64.500000    128   1
129    0.000000    65.000000    129   1
130    0.000000    65.500000    130   1
131    156.250000    66.000000    131   1
132    0.000000    66.500000    132   1
133    156.250000    67.000000    133   1
134    0.000000    67.500000    134   1
135    0.000000    68.000000    135   1
136    0.000000    68.500000    136   1
137    156.250000    69.000000    137   1
138    0.000000    69.500000    138   1
139    156.250000    70.000000    139   1
140    0.000000    70.500000    140   1
141    0.000000    71.000000    141   1
142    0.000000    71.500000    142   1
143    156.250000    72.000000    143   1
144    0.000000    72.500000    144   1
145    156.250000    73.000000    145   1
146    0.000000    73.500000    146   1
147    0.000000    74.000000    147   1
148    156.250000    74.500000    148   1
149    0.000000    75.000000    149   1
150    156.250000    75.500000    150   1
151    0.000000    76.000000    151   1
152    0.000000    76.500000    152   1
153    156.250000    77.000000    153   1
154    156.250000    77.500000    154   1
155    0.000000    78.000000    155   1
156    0.000000    78.500000    156   1
157    156.250000    79.000000    157   1
158    0.000000    79.500000    158   1
159    0.000000    80.000000    159   1
160    156.250000    80.500000    160   1
161    156.250000    81.000000    161   1
162    0.000000    81.500000    162   1
163    0.000000    82.000000    163   1
164    156.250000    82.500000    164   1
165    0.000000    83.000000    165   1
166    156.250000    83.500000    166   1
167    0.000000    84.000000    167   1
168    156.250000    84.500000    168   1
169    0.000000    85.000000    169   1
170    156.250000    85.500000    170   1
171    0.000000    86.000000    171   1
172    156.250000    86.500000    172   1
173    156.250000    87.000000    173   1
174    0.000000    87.500000    174   1
175    156.250000    88.000000    175   1
176    0.000000    88.500000    176   1
177    156.250000    89.000000    177   1
178    156.250000    89.500000    178   1
179    0.000000    90.000000    179   1
180    156.250000    90.500000    180   1
181    156.250000    91.000000    181   1
182    0.000000    91.500000    182   1
183    0.000000    92.000000    183   1
184    156.250000    92.500000    184   1
185    156.250000    93.000000    185   1
186    0.000000    93.500000    186   1
187    156.250000    94.000000    187   1
188    156.250000    94.500000    188   1
189    0.000000    95.000000    189   1
190    156.250000    95.500000    190   1
191    0.000000    96.000000    191   1
192    156.250000    96.500000    192   1
193    156.250000    97.000000    193   1
194    0.000000    97.500000    194   1
195    0.000000    98.000000    195   1
196    156.250000    98.500000    196   1
197    156.250000    99.000000    197   1
198    0.000000    99.500000    198   1
199    156.250000    100.000000    199   1
200    156.250000    100.500000    200   1
201    0.000000    101.000000    201   1
202    156.250000    101.500000    202   1
203    156.250000    102.000000    203   1
204    156.250000    102.500000    204   1
205    0.000000    103.000000    205   1
206    156.250000    103.500000    206   1
207    156.250000    104.000000    207   1
208    156.250000    104.500000    208   1
209    156.250000    105.000000    209   1
210    0.000000    105.500000    210   1
211    156.250000    106.000000    211   1
212    156.250000    106.500000    212   1
213    0.000000    107.000000    213   1
214    156.250000    107.500000    214   1
215    156.250000    108.000000    215   1
216    156.250000    108.500000    216   1
217    0.000000    109.000000    217   1
218    156.250000    109.500000    218   1
219    156.250000    110.000000    219   1
220    156.250000    110.500000    220   1
221    156.250000    111.000000    221   1
222    0.000000    111.500000    222   1
223    156.250000    112.000000    223   1
224    156.250000    112.500000    224   1
225    156.250000    113.000000    225   1
226    156.250000    113.500000    226   1
227    156.250000    114.000000    227   1
228    156.250000    114.500000    228   1
229    156.250000    115.000000    229   1
230    156.250000    115.500000    230   1
231    0.000000    116.000000    231   1
232    156.250000    116.500000    232   1
233    156.250000    117.000000    233   1
234    156.250000    117.500000    234   1
235    156.250000    118.000000    235   1
236    156.250000    118.500000    236   1
237    156.250000    119.000000    237   1
238    156.250000    119.500000    238   1
239    156.250000    120.000000    239   1
240    156.250000    120.500000    240   1
241    156.250000    121.000000    241   1
242    156.250000    121.500000    242   1
243    156.250000    122.000000    243   1
244    0.000000    122.500000    244   1
245    312.500000    123.000000    245   1
246    156.250000    123.500000    246   1
247    156.250000    124.000000    247   1
248    156.250000    124.500000    248   1
249    156.250000    125.000000    249   1
250    156.250000    125.500000    250   1
251    156.250000    126.000000    251   1
252    156.250000    126.500000    252   1
253    156.250000    127.000000    253   1
254    156.250000    127.500000    254   1
255    156.250000    128.000000    255   1
256    156.250000    128.500000    256   1
257    156.250000    129.000000    257   1
258    156.250000    129.500000    258   1
259    156.250000    130.000000    259   1
260    156.250000    130.500000    260   1
261    312.500000    131.000000    261   1
262    156.250000    131.500000    262   1
263    0.000000    132.000000    263   1
264    312.500000    132.500000    264   1
265    156.250000    133.000000    265   1
266    156.250000    133.500000    266   1
267    156.250000    134.000000    267   1
268    156.250000    134.500000    268   1
269    312.500000    135.000000    269   1
270    156.250000    135.500000    270   1
271    156.250000    136.000000    271   1
272    156.250000    136.500000    272   1
273    156.250000    137.000000    273   1
274    0.000000    137.500000    274   1
275    312.500000    138.000000    275   1
276    156.250000    138.500000    276   1
277    156.250000    139.000000    277   1
278    312.500000    139.500000    278   1
279    156.250000    140.000000    279   1
280    156.250000    140.500000    280   1
281    156.250000    141.000000    281   1
282    312.500000    141.500000    282   1
283    156.250000    142.000000    283   1
284    156.250000    142.500000    284   1
285    312.500000    143.000000    285   1
286    156.250000    143.500000    286   1
287    156.250000    144.000000    287   1
288    312.500000    144.500000    288   1
289    156.250000    145.000000    289   1
290    312.500000    145.500000    290   1
291    156.250000    146.000000    291   1
292    156.250000    146.500000    292   1
293    156.250000    147.000000    293   1
294    312.500000    147.500000    294   1
295    156.250000    148.000000    295   1
296    312.500000    148.500000    296   1
297    156.250000    149.000000    297   1
298    312.500000    149.500000    298   1
299    156.250000    150.000000    299   1
300    156.250000    150.500000    300   1
301    312.500000    151.000000    301   1
302    156.250000    151.500000    302   1
303    156.250000    152.000000    303   1
304    312.500000    152.500000    304   1
305    312.500000    153.000000    305   1
306    156.250000    153.500000    306   1
307    156.250000    154.000000    307   1
308    312.500000    154.500000    308   1
309    312.500000    155.000000    309   1
310    156.250000    155.500000    310   1
311    312.500000    156.000000    311   1
312    156.250000    156.500000    312   1
313    312.500000    157.000000    313   1
314    156.250000    157.500000    314   1
315    312.500000    158.000000    315   1
316    312.500000    158.500000    316   1
317    312.500000    159.000000    317   1
318    156.250000    159.500000    318   1
319    312.500000    160.000000    319   1
320    312.500000    160.500000    320   1
321    156.250000    161.000000    321   1
322    312.500000    161.500000    322   1
323    312.500000    162.000000    323   1
324    312.500000    162.500000    324   1
325    156.250000    163.000000    325   1
326    312.500000    163.500000    326   1
327    312.500000    164.000000    327   1
328    156.250000    164.500000    328   1
329    312.500000    165.000000    329   1
330    312.500000    165.500000    330   1
331    156.250000    166.000000    331   1
332    312.500000    166.500000    332   1
333    312.500000    167.000000    333   1
334    312.500000    167.500000    334   1
335    156.250000    168.000000    335   1
336    312.500000    168.500000    336   1
337    312.500000    169.000000    337   1
338    312.500000    169.500000    338   1
339    156.250000    170.000000    339   1
340    312.500000    170.500000    340   1
341    156.250000    171.000000    341   1
342    312.500000    171.500000    342   1
343    312.500000    172.000000    343   1
344    312.500000    172.500000    344   1
345    312.500000    173.000000    345   1
346    312.500000    173.500000    346   1
347    312.500000    174.000000    347   1
348    312.500000    174.500000    348   1
349    312.500000    175.000000    349   1
350    312.500000    175.500000    350   1
351    312.500000    176.000000    351   1
352    312.500000    176.500000    352   1
353    312.500000    177.000000    353   1
354    312.500000    177.500000    354   1
355    312.500000    178.000000    355   1
356    156.250000    178.500000    356   1
357    312.500000    179.000000    357   1
358    468.750000    179.500000    358   1
359    312.500000    180.000000    359   1
360    312.500000    180.500000    360   1
361    312.500000    181.000000    361   1
362    312.500000    181.500000    362   1
363    312.500000    182.000000    363   1
364    312.500000    182.500000    364   1
365    312.500000    183.000000    365   1
366    312.500000    183.500000    366   1
367    468.750000    184.000000    367   1
368    312.500000    184.500000    368   1
369    312.500000    185.000000    369   1
370    312.500000    185.500000    370   1
371    312.500000    186.000000    371   1
372    468.750000    186.500000    372   1
373    312.500000    187.000000    373   1
374    156.250000    187.500000    374   1
375    468.750000    188.000000    375   1
376    312.500000    188.500000    376   1
377    312.500000    189.000000    377   1
378    312.500000    189.500000    378   1
379    468.750000    190.000000    379   1
380    312.500000    190.500000    380   1
381    312.500000    191.000000    381   1
382    312.500000    191.500000    382   1
383    625.000000    192.000000    383   1
384    312.500000    192.500000    384   1
385    312.500000    193.000000    385   1
386    468.750000    193.500000    386   1
387    312.500000    194.000000    387   1
388    468.750000    194.500000    388   1
389    312.500000    195.000000    389   1
390    312.500000    195.500000    390   1
391    468.750000    196.000000    391   1
392    468.750000    196.500000    392   1
393    312.500000    197.000000    393   1
394    468.750000    197.500000    394   1
395    312.500000    198.000000    395   1
396    312.500000    198.500000    396   1
397    468.750000    199.000000    397   1
398    312.500000    199.500000    398   1
399    468.750000    200.000000    399   1
400    468.750000    200.500000    400   1
401    312.500000    201.000000    401   1
402    468.750000    201.500000    402   1
403    312.500000    202.000000    403   1
404    468.750000    202.500000    404   1
405    312.500000    203.000000    405   1
406    468.750000    203.500000    406   1
407    468.750000    204.000000    407   1
408    312.500000    204.500000    408   1
409    468.750000    205.000000    409   1
410    312.500000    205.500000    410   1
411    468.750000    206.000000    411   1
412    312.500000    206.500000    412   1
413    468.750000    207.000000    413   1
414    468.750000    207.500000    414   1
415    468.750000    208.000000    415   1
416    468.750000    208.500000    416   1
417    312.500000    209.000000    417   1
418    468.750000    209.500000    418   1
419    468.750000    210.000000    419   1
420    468.750000    210.500000    420   1
421    312.500000    211.000000    421   1
422    468.750000    211.500000    422   1
423    312.500000    212.000000    423   1
424    468.750000    212.500000    424   1
425    468.750000    213.000000    425   1
426    468.750000    213.500000    426   1
427    468.750000    214.000000    427   1
428    468.750000    214.500000    428   1
429    468.750000    215.000000    429   1
430    468.750000    215.500000    430   1
431    468.750000    216.000000    431   1
432    625.000000    216.500000    432   1
433    468.750000    217.000000    433   1
434    625.000000    217.500000    434   1
435    468.750000    218.000000    435   1
436    468.750000    218.500000    436   1
437    468.750000    219.000000    437   1
438    625.000000    219.500000    438   1
439    468.750000    220.000000    439   1
440    468.750000    220.500000    440   1
441    468.750000    221.000000    441   1
442    625.000000    221.500000    442   1
443    468.750000    222.000000    443   1
444    468.750000    222.500000    444   1
445    468.750000    223.000000    445   1
446    625.000000    223.500000    446   1
447    468.750000    224.000000    447   1
448    468.750000    224.500000    448   1
449    468.750000    225.000000    449   1
450    468.750000    225.500000    450   1
451    625.000000    226.000000    451   1
452    468.750000    226.500000    452   1
453    468.750000    227.000000    453   1
454    468.750000    227.500000    454   1
455    468.750000    228.000000    455   1
456    625.000000    228.500000    456   1
457    468.750000    229.000000    457   1
458    468.750000    229.500000    458   1
459    468.750000    230.000000    459   1
460    625.000000    230.500000    460   1
461    468.750000    231.000000    461   1
462    625.000000    231.500000    462   1
463    468.750000    232.000000    463   1
464    625.000000    232.500000    464   1
465    468.750000    233.000000    465   1
466    625.000000    233.500000    466   1
467    468.750000    234.000000    467   1
468    625.000000    234.500000    468   1
469    468.750000    235.000000    469   1
470    625.000000    235.500000    470   1
471    625.000000    236.000000    471   1
472    468.750000    236.500000    472   1
473    625.000000    237.000000    473   1
474    625.000000    237.500000    474   1
475    625.000000    238.000000    475   1
476    468.750000    238.500000    476   1
477    625.000000    239.000000    477   1
478    468.750000    239.500000    478   1
479    625.000000    240.000000    479   1
480    625.000000    240.500000    480   1
481    468.750000    241.000000    481   1
482    625.000000    241.500000    482   1
483    625.000000    242.000000    483   1
484    468.750000    242.500000    484   1
485    625.000000    243.000000    485   1
486    625.000000    243.500000    486   1
487    468.750000    244.000000    487   1
488    625.000000    244.500000    488   1
489    625.000000    245.000000    489   1
490    468.750000    245.500000    490   1
491    625.000000    246.000000    491   1
492    625.000000    246.500000    492   1
493    625.000000    247.000000    493   1
494    625.000000    247.500000    494   1
495    625.000000    248.000000    495   1
496    625.000000    248.500000    496   1
497    625.000000    249.000000    497   1
498    625.000000    249.500000    498   1
499    625.000000    250.000000    499   1
